C:\USERS\EK\DOCUMENTS\VISUAL STUDIO 2010\PROJECTS\PRACTICE5\DEBUG\PRACTICE5.EXE
C:\USERS\EK\DOCUMENTS\VISUAL STUDIO 2010\PROJECTS\PRACTICE5\DEBUG\PRACTICE5.ILK
C:\USERS\EK\DOCUMENTS\VISUAL STUDIO 2010\PROJECTS\PRACTICE5\DEBUG\PRACTICE5.PDB
C:\Users\ek\documents\visual studio 2010\Projects\practice5\practice5\Debug\cl.command.1.tlog
C:\Users\ek\documents\visual studio 2010\Projects\practice5\practice5\Debug\CL.read.1.tlog
C:\Users\ek\documents\visual studio 2010\Projects\practice5\practice5\Debug\CL.write.1.tlog
C:\Users\ek\documents\visual studio 2010\Projects\practice5\practice5\Debug\link.4396.read.1.tlog
C:\Users\ek\documents\visual studio 2010\Projects\practice5\practice5\Debug\link.4396.write.1.tlog
C:\Users\ek\documents\visual studio 2010\Projects\practice5\practice5\Debug\link.4396-cvtres.read.1.tlog
C:\Users\ek\documents\visual studio 2010\Projects\practice5\practice5\Debug\link.4396-cvtres.write.1.tlog
C:\Users\ek\documents\visual studio 2010\Projects\practice5\practice5\Debug\link.command.1.tlog
C:\Users\ek\documents\visual studio 2010\Projects\practice5\practice5\Debug\link.read.1.tlog
C:\Users\ek\documents\visual studio 2010\Projects\practice5\practice5\Debug\link.write.1.tlog
C:\Users\ek\documents\visual studio 2010\Projects\practice5\practice5\Debug\link-cvtres.read.1.tlog
C:\Users\ek\documents\visual studio 2010\Projects\practice5\practice5\Debug\link-cvtres.write.1.tlog
C:\USERS\EK\DOCUMENTS\VISUAL STUDIO 2010\PROJECTS\PRACTICE5\PRACTICE5\DEBUG\MAI.OBJ
C:\Users\ek\documents\visual studio 2010\Projects\practice5\practice5\Debug\mt.command.1.tlog
C:\Users\ek\documents\visual studio 2010\Projects\practice5\practice5\Debug\mt.read.1.tlog
C:\Users\ek\documents\visual studio 2010\Projects\practice5\practice5\Debug\mt.write.1.tlog
C:\USERS\EK\DOCUMENTS\VISUAL STUDIO 2010\PROJECTS\PRACTICE5\PRACTICE5\DEBUG\PRACTICE5.EXE.EMBED.MANIFEST
C:\USERS\EK\DOCUMENTS\VISUAL STUDIO 2010\PROJECTS\PRACTICE5\PRACTICE5\DEBUG\PRACTICE5.EXE.EMBED.MANIFEST.RES
C:\USERS\EK\DOCUMENTS\VISUAL STUDIO 2010\PROJECTS\PRACTICE5\PRACTICE5\DEBUG\PRACTICE5.EXE.INTERMEDIATE.MANIFEST
C:\Users\ek\documents\visual studio 2010\Projects\practice5\practice5\Debug\practice5_manifest.rc
C:\Users\ek\documents\visual studio 2010\Projects\practice5\practice5\Debug\rc.command.1.tlog
C:\Users\ek\documents\visual studio 2010\Projects\practice5\practice5\Debug\rc.read.1.tlog
C:\Users\ek\documents\visual studio 2010\Projects\practice5\practice5\Debug\rc.write.1.tlog
C:\Users\ek\documents\visual studio 2010\Projects\practice5\practice5\Debug\vc100.idb
C:\USERS\EK\DOCUMENTS\VISUAL STUDIO 2010\PROJECTS\PRACTICE5\PRACTICE5\DEBUG\VC100.PDB
